<?xml version="1.0" encoding="UTF-8"?>
<!-- Generated by org.testng.reporters.JUnitXMLReporter -->
<testsuite hostname="FurmanHP" ignored="0" name="validating NavigationBar" tests="2" failures="0" timestamp="31 Mar 2020 21:41:09 GMT" time="12.793" errors="0">
  <testcase name="basePageNavigationBar" time="0.105" classname="Codenboxautomationlabs.MavenExample.NavigationBarTest"/>
  <testcase name="dropDownSelect" time="0.196" classname="Codenboxautomationlabs.MavenExample.NavigationBarTest"/>
</testsuite> <!-- validating NavigationBar -->
