<?xml version="1.0" encoding="UTF-8"?>
<testng-results ignored="0" total="1" passed="1" failed="0" skipped="0">
  <reporter-output>
  </reporter-output>
  <suite started-at="2020-05-02T20:39:46Z" name="Suite" finished-at="2020-05-02T20:39:55Z" duration-ms="9282">
    <groups>
    </groups>
    <test started-at="2020-05-02T20:39:46Z" name="ErrorLogs" finished-at="2020-05-02T20:39:55Z" duration-ms="9282">
      <class name="Codenboxautomationlabs.MavenExample.ErrorLogs">
        <test-method signature="ErrorLogsTest()[pri:0, instance:Codenboxautomationlabs.MavenExample.ErrorLogs@441772e]" started-at="2020-05-02T20:39:46Z" name="ErrorLogsTest" finished-at="2020-05-02T20:39:55Z" duration-ms="9125" status="PASS">
          <reporter-output>
          </reporter-output>
        </test-method> <!-- ErrorLogsTest -->
        <test-method is-config="true" signature="tearDown()[pri:0, instance:Codenboxautomationlabs.MavenExample.ErrorLogs@441772e]" started-at="2020-05-02T20:39:55Z" name="tearDown" finished-at="2020-05-02T20:39:55Z" duration-ms="127" status="PASS">
          <reporter-output>
          </reporter-output>
        </test-method> <!-- tearDown -->
      </class> <!-- Codenboxautomationlabs.MavenExample.ErrorLogs -->
    </test> <!-- ErrorLogs -->
  </suite> <!-- Suite -->
</testng-results>
