<?xml version="1.0" encoding="UTF-8"?>
<testng-results skipped="0" failed="0" ignored="0" total="1" passed="1">
  <reporter-output>
  </reporter-output>
  <suite name="Suite" duration-ms="12488" started-at="2020-04-29T17:32:49Z" finished-at="2020-04-29T17:33:01Z">
    <groups>
    </groups>
    <test name="ErrorLogs" duration-ms="12488" started-at="2020-04-29T17:32:49Z" finished-at="2020-04-29T17:33:01Z">
      <class name="Codenboxautomationlabs.MavenExample.ErrorLogs">
        <test-method status="PASS" signature="ErrorLogsTest()[pri:0, instance:Codenboxautomationlabs.MavenExample.ErrorLogs@464bee09]" name="ErrorLogsTest" duration-ms="8343" started-at="2020-04-29T17:32:49Z" finished-at="2020-04-29T17:32:57Z">
          <reporter-output>
          </reporter-output>
        </test-method> <!-- ErrorLogsTest -->
        <test-method status="PASS" signature="tearDown()[pri:0, instance:Codenboxautomationlabs.MavenExample.ErrorLogs@464bee09]" name="tearDown" is-config="true" duration-ms="4093" started-at="2020-04-29T17:32:57Z" finished-at="2020-04-29T17:33:01Z">
          <reporter-output>
          </reporter-output>
        </test-method> <!-- tearDown -->
      </class> <!-- Codenboxautomationlabs.MavenExample.ErrorLogs -->
    </test> <!-- ErrorLogs -->
  </suite> <!-- Suite -->
</testng-results>
